2026-04-29T19:59:59.265Z info: LosslessCut version 3.68.0 { isDev: false }
2026-04-29T19:59:59.650Z info: Backed up config file to /home/moso/.config/LosslessCut/config.json.backup-v3.68.0-1-1777492799280
2026-04-29T19:59:59.651Z error: Failed to migrate old keyboard binding ShiftLeft+Equal addSegment AssertionError [ERR_ASSERTION]: Unknown key: ShiftLeft
    at file:///usr/share/losslesscut/resources/app.asar/out/main/index.js:473:11
    at Array.map (<anonymous>)
    at file:///usr/share/losslesscut/resources/app.asar/out/main/index.js:471:12
    at Array.map (<anonymous>)
    at init$1 (file:///usr/share/losslesscut/resources/app.asar/out/main/index.js:358:37)
    at async init (file:///usr/share/losslesscut/resources/app.asar/out/main/index.js:1957:5) {
  generatedMessage: false,
  code: 'ERR_ASSERTION',
  actual: false,
  expected: true,
  operator: '==',
  diff: 'simple'
}
2026-04-29T19:59:59.652Z error: Failed to migrate old keyboard binding KeyK togglePlayNoResetSpeed AssertionError [ERR_ASSERTION]: Unknown key: KeyK
    at file:///usr/share/losslesscut/resources/app.asar/out/main/index.js:473:11
    at Array.map (<anonymous>)
    at file:///usr/share/losslesscut/resources/app.asar/out/main/index.js:471:12
    at Array.map (<anonymous>)
    at init$1 (file:///usr/share/losslesscut/resources/app.asar/out/main/index.js:358:37)
    at async init (file:///usr/share/losslesscut/resources/app.asar/out/main/index.js:1957:5) {
  generatedMessage: false,
  code: 'ERR_ASSERTION',
  actual: false,
  expected: true,
  operator: '==',
  diff: 'simple'
}
2026-04-29T19:59:59.652Z error: Failed to migrate old keyboard binding KeyJ reducePlaybackRate AssertionError [ERR_ASSERTION]: Unknown key: KeyJ
    at file:///usr/share/losslesscut/resources/app.asar/out/main/index.js:473:11
    at Array.map (<anonymous>)
    at file:///usr/share/losslesscut/resources/app.asar/out/main/index.js:471:12
    at Array.map (<anonymous>)
    at init$1 (file:///usr/share/losslesscut/resources/app.asar/out/main/index.js:358:37)
    at async init (file:///usr/share/losslesscut/resources/app.asar/out/main/index.js:1957:5) {
  generatedMessage: false,
  code: 'ERR_ASSERTION',
  actual: false,
  expected: true,
  operator: '==',
  diff: 'simple'
}
2026-04-29T19:59:59.652Z error: Failed to migrate old keyboard binding ShiftLeft+KeyJ reducePlaybackRateMore AssertionError [ERR_ASSERTION]: Unknown key: ShiftLeft
    at file:///usr/share/losslesscut/resources/app.asar/out/main/index.js:473:11
    at Array.map (<anonymous>)
    at file:///usr/share/losslesscut/resources/app.asar/out/main/index.js:471:12
    at Array.map (<anonymous>)
    at init$1 (file:///usr/share/losslesscut/resources/app.asar/out/main/index.js:358:37)
    at async init (file:///usr/share/losslesscut/resources/app.asar/out/main/index.js:1957:5) {
  generatedMessage: false,
  code: 'ERR_ASSERTION',
  actual: false,
  expected: true,
  operator: '==',
  diff: 'simple'
}
2026-04-29T19:59:59.652Z error: Failed to migrate old keyboard binding KeyL increasePlaybackRate AssertionError [ERR_ASSERTION]: Unknown key: KeyL
    at file:///usr/share/losslesscut/resources/app.asar/out/main/index.js:473:11
    at Array.map (<anonymous>)
    at file:///usr/share/losslesscut/resources/app.asar/out/main/index.js:471:12
    at Array.map (<anonymous>)
    at init$1 (file:///usr/share/losslesscut/resources/app.asar/out/main/index.js:358:37)
    at async init (file:///usr/share/losslesscut/resources/app.asar/out/main/index.js:1957:5) {
  generatedMessage: false,
  code: 'ERR_ASSERTION',
  actual: false,
  expected: true,
  operator: '==',
  diff: 'simple'
}
2026-04-29T19:59:59.652Z error: Failed to migrate old keyboard binding ShiftLeft+KeyL increasePlaybackRateMore AssertionError [ERR_ASSERTION]: Unknown key: ShiftLeft
    at file:///usr/share/losslesscut/resources/app.asar/out/main/index.js:473:11
    at Array.map (<anonymous>)
    at file:///usr/share/losslesscut/resources/app.asar/out/main/index.js:471:12
    at Array.map (<anonymous>)
    at init$1 (file:///usr/share/losslesscut/resources/app.asar/out/main/index.js:358:37)
    at async init (file:///usr/share/losslesscut/resources/app.asar/out/main/index.js:1957:5) {
  generatedMessage: false,
  code: 'ERR_ASSERTION',
  actual: false,
  expected: true,
  operator: '==',
  diff: 'simple'
}
2026-04-29T19:59:59.652Z error: Failed to migrate old keyboard binding KeyZ timelineToggleComfortZoom AssertionError [ERR_ASSERTION]: Unknown key: KeyZ
    at file:///usr/share/losslesscut/resources/app.asar/out/main/index.js:473:11
    at Array.map (<anonymous>)
    at file:///usr/share/losslesscut/resources/app.asar/out/main/index.js:471:12
    at Array.map (<anonymous>)
    at init$1 (file:///usr/share/losslesscut/resources/app.asar/out/main/index.js:358:37)
    at async init (file:///usr/share/losslesscut/resources/app.asar/out/main/index.js:1957:5) {
  generatedMessage: false,
  code: 'ERR_ASSERTION',
  actual: false,
  expected: true,
  operator: '==',
  diff: 'simple'
}
2026-04-29T19:59:59.653Z error: Failed to migrate old keyboard binding ShiftLeft+KeyZ makeCursorTimeZero AssertionError [ERR_ASSERTION]: Unknown key: ShiftLeft
    at file:///usr/share/losslesscut/resources/app.asar/out/main/index.js:473:11
    at Array.map (<anonymous>)
    at file:///usr/share/losslesscut/resources/app.asar/out/main/index.js:471:12
    at Array.map (<anonymous>)
    at init$1 (file:///usr/share/losslesscut/resources/app.asar/out/main/index.js:358:37)
    at async init (file:///usr/share/losslesscut/resources/app.asar/out/main/index.js:1957:5) {
  generatedMessage: false,
  code: 'ERR_ASSERTION',
  actual: false,
  expected: true,
  operator: '==',
  diff: 'simple'
}
2026-04-29T19:59:59.653Z error: Failed to migrate old keyboard binding Comma seekPreviousFrame AssertionError [ERR_ASSERTION]: Unknown key: Comma
    at file:///usr/share/losslesscut/resources/app.asar/out/main/index.js:473:11
    at Array.map (<anonymous>)
    at file:///usr/share/losslesscut/resources/app.asar/out/main/index.js:471:12
    at Array.map (<anonymous>)
    at init$1 (file:///usr/share/losslesscut/resources/app.asar/out/main/index.js:358:37)
    at async init (file:///usr/share/losslesscut/resources/app.asar/out/main/index.js:1957:5) {
  generatedMessage: false,
  code: 'ERR_ASSERTION',
  actual: false,
  expected: true,
  operator: '==',
  diff: 'simple'
}
2026-04-29T19:59:59.653Z error: Failed to migrate old keyboard binding Period seekNextFrame AssertionError [ERR_ASSERTION]: Unknown key: Period
    at file:///usr/share/losslesscut/resources/app.asar/out/main/index.js:473:11
    at Array.map (<anonymous>)
    at file:///usr/share/losslesscut/resources/app.asar/out/main/index.js:471:12
    at Array.map (<anonymous>)
    at init$1 (file:///usr/share/losslesscut/resources/app.asar/out/main/index.js:358:37)
    at async init (file:///usr/share/losslesscut/resources/app.asar/out/main/index.js:1957:5) {
  generatedMessage: false,
  code: 'ERR_ASSERTION',
  actual: false,
  expected: true,
  operator: '==',
  diff: 'simple'
}
2026-04-29T19:59:59.653Z error: Failed to migrate old keyboard binding KeyC captureSnapshot AssertionError [ERR_ASSERTION]: Unknown key: KeyC
    at file:///usr/share/losslesscut/resources/app.asar/out/main/index.js:473:11
    at Array.map (<anonymous>)
    at file:///usr/share/losslesscut/resources/app.asar/out/main/index.js:471:12
    at Array.map (<anonymous>)
    at init$1 (file:///usr/share/losslesscut/resources/app.asar/out/main/index.js:358:37)
    at async init (file:///usr/share/losslesscut/resources/app.asar/out/main/index.js:1957:5) {
  generatedMessage: false,
  code: 'ERR_ASSERTION',
  actual: false,
  expected: true,
  operator: '==',
  diff: 'simple'
}
2026-04-29T19:59:59.653Z error: Failed to migrate old keyboard binding ControlLeft+KeyC copySegmentsToClipboard AssertionError [ERR_ASSERTION]: Unknown key: ControlLeft
    at file:///usr/share/losslesscut/resources/app.asar/out/main/index.js:473:11
    at Array.map (<anonymous>)
    at file:///usr/share/losslesscut/resources/app.asar/out/main/index.js:471:12
    at Array.map (<anonymous>)
    at init$1 (file:///usr/share/losslesscut/resources/app.asar/out/main/index.js:358:37)
    at async init (file:///usr/share/losslesscut/resources/app.asar/out/main/index.js:1957:5) {
  generatedMessage: false,
  code: 'ERR_ASSERTION',
  actual: false,
  expected: true,
  operator: '==',
  diff: 'simple'
}
2026-04-29T19:59:59.653Z error: Failed to migrate old keyboard binding MetaLeft+KeyC copySegmentsToClipboard AssertionError [ERR_ASSERTION]: Unknown key: MetaLeft
    at file:///usr/share/losslesscut/resources/app.asar/out/main/index.js:473:11
    at Array.map (<anonymous>)
    at file:///usr/share/losslesscut/resources/app.asar/out/main/index.js:471:12
    at Array.map (<anonymous>)
    at init$1 (file:///usr/share/losslesscut/resources/app.asar/out/main/index.js:358:37)
    at async init (file:///usr/share/losslesscut/resources/app.asar/out/main/index.js:1957:5) {
  generatedMessage: false,
  code: 'ERR_ASSERTION',
  actual: false,
  expected: true,
  operator: '==',
  diff: 'simple'
}
2026-04-29T19:59:59.653Z error: Failed to migrate old keyboard binding ShiftLeft+KeyC captureSnapshotToClipboard AssertionError [ERR_ASSERTION]: Unknown key: ShiftLeft
    at file:///usr/share/losslesscut/resources/app.asar/out/main/index.js:473:11
    at Array.map (<anonymous>)
    at file:///usr/share/losslesscut/resources/app.asar/out/main/index.js:471:12
    at Array.map (<anonymous>)
    at init$1 (file:///usr/share/losslesscut/resources/app.asar/out/main/index.js:358:37)
    at async init (file:///usr/share/losslesscut/resources/app.asar/out/main/index.js:1957:5) {
  generatedMessage: false,
  code: 'ERR_ASSERTION',
  actual: false,
  expected: true,
  operator: '==',
  diff: 'simple'
}
2026-04-29T19:59:59.653Z error: Failed to migrate old keyboard binding KeyI setCutStart AssertionError [ERR_ASSERTION]: Unknown key: KeyI
    at file:///usr/share/losslesscut/resources/app.asar/out/main/index.js:473:11
    at Array.map (<anonymous>)
    at file:///usr/share/losslesscut/resources/app.asar/out/main/index.js:471:12
    at Array.map (<anonymous>)
    at init$1 (file:///usr/share/losslesscut/resources/app.asar/out/main/index.js:358:37)
    at async init (file:///usr/share/losslesscut/resources/app.asar/out/main/index.js:1957:5) {
  generatedMessage: false,
  code: 'ERR_ASSERTION',
  actual: false,
  expected: true,
  operator: '==',
  diff: 'simple'
}
2026-04-29T19:59:59.654Z error: Failed to migrate old keyboard binding KeyO setCutEnd AssertionError [ERR_ASSERTION]: Unknown key: KeyO
    at file:///usr/share/losslesscut/resources/app.asar/out/main/index.js:473:11
    at Array.map (<anonymous>)
    at file:///usr/share/losslesscut/resources/app.asar/out/main/index.js:471:12
    at Array.map (<anonymous>)
    at init$1 (file:///usr/share/losslesscut/resources/app.asar/out/main/index.js:358:37)
    at async init (file:///usr/share/losslesscut/resources/app.asar/out/main/index.js:1957:5) {
  generatedMessage: false,
  code: 'ERR_ASSERTION',
  actual: false,
  expected: true,
  operator: '==',
  diff: 'simple'
}
2026-04-29T19:59:59.654Z error: Failed to migrate old keyboard binding KeyD cleanupFilesDialog AssertionError [ERR_ASSERTION]: Unknown key: KeyD
    at file:///usr/share/losslesscut/resources/app.asar/out/main/index.js:473:11
    at Array.map (<anonymous>)
    at file:///usr/share/losslesscut/resources/app.asar/out/main/index.js:471:12
    at Array.map (<anonymous>)
    at init$1 (file:///usr/share/losslesscut/resources/app.asar/out/main/index.js:358:37)
    at async init (file:///usr/share/losslesscut/resources/app.asar/out/main/index.js:1957:5) {
  generatedMessage: false,
  code: 'ERR_ASSERTION',
  actual: false,
  expected: true,
  operator: '==',
  diff: 'simple'
}
2026-04-29T19:59:59.654Z error: Failed to migrate old keyboard binding KeyB splitCurrentSegment AssertionError [ERR_ASSERTION]: Unknown key: KeyB
    at file:///usr/share/losslesscut/resources/app.asar/out/main/index.js:473:11
    at Array.map (<anonymous>)
    at file:///usr/share/losslesscut/resources/app.asar/out/main/index.js:471:12
    at Array.map (<anonymous>)
    at init$1 (file:///usr/share/losslesscut/resources/app.asar/out/main/index.js:358:37)
    at async init (file:///usr/share/losslesscut/resources/app.asar/out/main/index.js:1957:5) {
  generatedMessage: false,
  code: 'ERR_ASSERTION',
  actual: false,
  expected: true,
  operator: '==',
  diff: 'simple'
}
2026-04-29T19:59:59.654Z error: Failed to migrate old keyboard binding KeyR increaseRotation AssertionError [ERR_ASSERTION]: Unknown key: KeyR
    at file:///usr/share/losslesscut/resources/app.asar/out/main/index.js:473:11
    at Array.map (<anonymous>)
    at file:///usr/share/losslesscut/resources/app.asar/out/main/index.js:471:12
    at Array.map (<anonymous>)
    at init$1 (file:///usr/share/losslesscut/resources/app.asar/out/main/index.js:358:37)
    at async init (file:///usr/share/losslesscut/resources/app.asar/out/main/index.js:1957:5) {
  generatedMessage: false,
  code: 'ERR_ASSERTION',
  actual: false,
  expected: true,
  operator: '==',
  diff: 'simple'
}
2026-04-29T19:59:59.654Z error: Failed to migrate old keyboard binding KeyG goToTimecode AssertionError [ERR_ASSERTION]: Unknown key: KeyG
    at file:///usr/share/losslesscut/resources/app.asar/out/main/index.js:473:11
    at Array.map (<anonymous>)
    at file:///usr/share/losslesscut/resources/app.asar/out/main/index.js:471:12
    at Array.map (<anonymous>)
    at init$1 (file:///usr/share/losslesscut/resources/app.asar/out/main/index.js:358:37)
    at async init (file:///usr/share/losslesscut/resources/app.asar/out/main/index.js:1957:5) {
  generatedMessage: false,
  code: 'ERR_ASSERTION',
  actual: false,
  expected: true,
  operator: '==',
  diff: 'simple'
}
2026-04-29T19:59:59.654Z error: Failed to migrate old keyboard binding KeyT toggleStripAll AssertionError [ERR_ASSERTION]: Unknown key: KeyT
    at file:///usr/share/losslesscut/resources/app.asar/out/main/index.js:473:11
    at Array.map (<anonymous>)
    at file:///usr/share/losslesscut/resources/app.asar/out/main/index.js:471:12
    at Array.map (<anonymous>)
    at init$1 (file:///usr/share/losslesscut/resources/app.asar/out/main/index.js:358:37)
    at async init (file:///usr/share/losslesscut/resources/app.asar/out/main/index.js:1957:5) {
  generatedMessage: false,
  code: 'ERR_ASSERTION',
  actual: false,
  expected: true,
  operator: '==',
  diff: 'simple'
}
2026-04-29T19:59:59.654Z error: Failed to migrate old keyboard binding ShiftLeft+KeyT toggleStripCurrentFilter AssertionError [ERR_ASSERTION]: Unknown key: ShiftLeft
    at file:///usr/share/losslesscut/resources/app.asar/out/main/index.js:473:11
    at Array.map (<anonymous>)
    at file:///usr/share/losslesscut/resources/app.asar/out/main/index.js:471:12
    at Array.map (<anonymous>)
    at init$1 (file:///usr/share/losslesscut/resources/app.asar/out/main/index.js:358:37)
    at async init (file:///usr/share/losslesscut/resources/app.asar/out/main/index.js:1957:5) {
  generatedMessage: false,
  code: 'ERR_ASSERTION',
  actual: false,
  expected: true,
  operator: '==',
  diff: 'simple'
}
2026-04-29T19:59:59.654Z error: Failed to migrate old keyboard binding ArrowLeft seekBackwards AssertionError [ERR_ASSERTION]: Unknown key: ArrowLeft
    at file:///usr/share/losslesscut/resources/app.asar/out/main/index.js:473:11
    at Array.map (<anonymous>)
    at file:///usr/share/losslesscut/resources/app.asar/out/main/index.js:471:12
    at Array.map (<anonymous>)
    at init$1 (file:///usr/share/losslesscut/resources/app.asar/out/main/index.js:358:37)
    at async init (file:///usr/share/losslesscut/resources/app.asar/out/main/index.js:1957:5) {
  generatedMessage: false,
  code: 'ERR_ASSERTION',
  actual: false,
  expected: true,
  operator: '==',
  diff: 'simple'
}
2026-04-29T19:59:59.654Z error: Failed to migrate old keyboard binding ControlLeft+ShiftLeft+ArrowLeft seekBackwards2 AssertionError [ERR_ASSERTION]: Unknown key: ControlLeft
    at file:///usr/share/losslesscut/resources/app.asar/out/main/index.js:473:11
    at Array.map (<anonymous>)
    at file:///usr/share/losslesscut/resources/app.asar/out/main/index.js:471:12
    at Array.map (<anonymous>)
    at init$1 (file:///usr/share/losslesscut/resources/app.asar/out/main/index.js:358:37)
    at async init (file:///usr/share/losslesscut/resources/app.asar/out/main/index.js:1957:5) {
  generatedMessage: false,
  code: 'ERR_ASSERTION',
  actual: false,
  expected: true,
  operator: '==',
  diff: 'simple'
}
2026-04-29T19:59:59.654Z error: Failed to migrate old keyboard binding ControlLeft+ArrowLeft seekBackwardsPercent AssertionError [ERR_ASSERTION]: Unknown key: ControlLeft
    at file:///usr/share/losslesscut/resources/app.asar/out/main/index.js:473:11
    at Array.map (<anonymous>)
    at file:///usr/share/losslesscut/resources/app.asar/out/main/index.js:471:12
    at Array.map (<anonymous>)
    at init$1 (file:///usr/share/losslesscut/resources/app.asar/out/main/index.js:358:37)
    at async init (file:///usr/share/losslesscut/resources/app.asar/out/main/index.js:1957:5) {
  generatedMessage: false,
  code: 'ERR_ASSERTION',
  actual: false,
  expected: true,
  operator: '==',
  diff: 'simple'
}
2026-04-29T19:59:59.655Z error: Failed to migrate old keyboard binding MetaLeft+ArrowLeft seekBackwardsPercent AssertionError [ERR_ASSERTION]: Unknown key: MetaLeft
    at file:///usr/share/losslesscut/resources/app.asar/out/main/index.js:473:11
    at Array.map (<anonymous>)
    at file:///usr/share/losslesscut/resources/app.asar/out/main/index.js:471:12
    at Array.map (<anonymous>)
    at init$1 (file:///usr/share/losslesscut/resources/app.asar/out/main/index.js:358:37)
    at async init (file:///usr/share/losslesscut/resources/app.asar/out/main/index.js:1957:5) {
  generatedMessage: false,
  code: 'ERR_ASSERTION',
  actual: false,
  expected: true,
  operator: '==',
  diff: 'simple'
}
2026-04-29T19:59:59.655Z error: Failed to migrate old keyboard binding AltLeft+ArrowLeft seekBackwardsKeyframe AssertionError [ERR_ASSERTION]: Unknown key: AltLeft
    at file:///usr/share/losslesscut/resources/app.asar/out/main/index.js:473:11
    at Array.map (<anonymous>)
    at file:///usr/share/losslesscut/resources/app.asar/out/main/index.js:471:12
    at Array.map (<anonymous>)
    at init$1 (file:///usr/share/losslesscut/resources/app.asar/out/main/index.js:358:37)
    at async init (file:///usr/share/losslesscut/resources/app.asar/out/main/index.js:1957:5) {
  generatedMessage: false,
  code: 'ERR_ASSERTION',
  actual: false,
  expected: true,
  operator: '==',
  diff: 'simple'
}
2026-04-29T19:59:59.655Z error: Failed to migrate old keyboard binding ShiftLeft+ArrowLeft jumpCutStart AssertionError [ERR_ASSERTION]: Unknown key: ShiftLeft
    at file:///usr/share/losslesscut/resources/app.asar/out/main/index.js:473:11
    at Array.map (<anonymous>)
    at file:///usr/share/losslesscut/resources/app.asar/out/main/index.js:471:12
    at Array.map (<anonymous>)
    at init$1 (file:///usr/share/losslesscut/resources/app.asar/out/main/index.js:358:37)
    at async init (file:///usr/share/losslesscut/resources/app.asar/out/main/index.js:1957:5) {
  generatedMessage: false,
  code: 'ERR_ASSERTION',
  actual: false,
  expected: true,
  operator: '==',
  diff: 'simple'
}
2026-04-29T19:59:59.655Z error: Failed to migrate old keyboard binding ArrowRight seekForwards AssertionError [ERR_ASSERTION]: Unknown key: ArrowRight
    at file:///usr/share/losslesscut/resources/app.asar/out/main/index.js:473:11
    at Array.map (<anonymous>)
    at file:///usr/share/losslesscut/resources/app.asar/out/main/index.js:471:12
    at Array.map (<anonymous>)
    at init$1 (file:///usr/share/losslesscut/resources/app.asar/out/main/index.js:358:37)
    at async init (file:///usr/share/losslesscut/resources/app.asar/out/main/index.js:1957:5) {
  generatedMessage: false,
  code: 'ERR_ASSERTION',
  actual: false,
  expected: true,
  operator: '==',
  diff: 'simple'
}
2026-04-29T19:59:59.655Z error: Failed to migrate old keyboard binding ControlLeft+ShiftLeft+ArrowRight seekForwards2 AssertionError [ERR_ASSERTION]: Unknown key: ControlLeft
    at file:///usr/share/losslesscut/resources/app.asar/out/main/index.js:473:11
    at Array.map (<anonymous>)
    at file:///usr/share/losslesscut/resources/app.asar/out/main/index.js:471:12
    at Array.map (<anonymous>)
    at init$1 (file:///usr/share/losslesscut/resources/app.asar/out/main/index.js:358:37)
    at async init (file:///usr/share/losslesscut/resources/app.asar/out/main/index.js:1957:5) {
  generatedMessage: false,
  code: 'ERR_ASSERTION',
  actual: false,
  expected: true,
  operator: '==',
  diff: 'simple'
}
2026-04-29T19:59:59.655Z error: Failed to migrate old keyboard binding ControlLeft+ArrowRight seekForwardsPercent AssertionError [ERR_ASSERTION]: Unknown key: ControlLeft
    at file:///usr/share/losslesscut/resources/app.asar/out/main/index.js:473:11
    at Array.map (<anonymous>)
    at file:///usr/share/losslesscut/resources/app.asar/out/main/index.js:471:12
    at Array.map (<anonymous>)
    at init$1 (file:///usr/share/losslesscut/resources/app.asar/out/main/index.js:358:37)
    at async init (file:///usr/share/losslesscut/resources/app.asar/out/main/index.js:1957:5) {
  generatedMessage: false,
  code: 'ERR_ASSERTION',
  actual: false,
  expected: true,
  operator: '==',
  diff: 'simple'
}
2026-04-29T19:59:59.655Z error: Failed to migrate old keyboard binding MetaLeft+ArrowRight seekForwardsPercent AssertionError [ERR_ASSERTION]: Unknown key: MetaLeft
    at file:///usr/share/losslesscut/resources/app.asar/out/main/index.js:473:11
    at Array.map (<anonymous>)
    at file:///usr/share/losslesscut/resources/app.asar/out/main/index.js:471:12
    at Array.map (<anonymous>)
    at init$1 (file:///usr/share/losslesscut/resources/app.asar/out/main/index.js:358:37)
    at async init (file:///usr/share/losslesscut/resources/app.asar/out/main/index.js:1957:5) {
  generatedMessage: false,
  code: 'ERR_ASSERTION',
  actual: false,
  expected: true,
  operator: '==',
  diff: 'simple'
}
2026-04-29T19:59:59.655Z error: Failed to migrate old keyboard binding AltLeft+ArrowRight seekForwardsKeyframe AssertionError [ERR_ASSERTION]: Unknown key: AltLeft
    at file:///usr/share/losslesscut/resources/app.asar/out/main/index.js:473:11
    at Array.map (<anonymous>)
    at file:///usr/share/losslesscut/resources/app.asar/out/main/index.js:471:12
    at Array.map (<anonymous>)
    at init$1 (file:///usr/share/losslesscut/resources/app.asar/out/main/index.js:358:37)
    at async init (file:///usr/share/losslesscut/resources/app.asar/out/main/index.js:1957:5) {
  generatedMessage: false,
  code: 'ERR_ASSERTION',
  actual: false,
  expected: true,
  operator: '==',
  diff: 'simple'
}
2026-04-29T19:59:59.655Z error: Failed to migrate old keyboard binding ShiftLeft+ArrowRight jumpCutEnd AssertionError [ERR_ASSERTION]: Unknown key: ShiftLeft
    at file:///usr/share/losslesscut/resources/app.asar/out/main/index.js:473:11
    at Array.map (<anonymous>)
    at file:///usr/share/losslesscut/resources/app.asar/out/main/index.js:471:12
    at Array.map (<anonymous>)
    at init$1 (file:///usr/share/losslesscut/resources/app.asar/out/main/index.js:358:37)
    at async init (file:///usr/share/losslesscut/resources/app.asar/out/main/index.js:1957:5) {
  generatedMessage: false,
  code: 'ERR_ASSERTION',
  actual: false,
  expected: true,
  operator: '==',
  diff: 'simple'
}
2026-04-29T19:59:59.655Z error: Failed to migrate old keyboard binding ControlLeft+Home jumpTimelineStart AssertionError [ERR_ASSERTION]: Unknown key: ControlLeft
    at file:///usr/share/losslesscut/resources/app.asar/out/main/index.js:473:11
    at Array.map (<anonymous>)
    at file:///usr/share/losslesscut/resources/app.asar/out/main/index.js:471:12
    at Array.map (<anonymous>)
    at init$1 (file:///usr/share/losslesscut/resources/app.asar/out/main/index.js:358:37)
    at async init (file:///usr/share/losslesscut/resources/app.asar/out/main/index.js:1957:5) {
  generatedMessage: false,
  code: 'ERR_ASSERTION',
  actual: false,
  expected: true,
  operator: '==',
  diff: 'simple'
}
2026-04-29T19:59:59.655Z error: Failed to migrate old keyboard binding ControlLeft+End jumpTimelineEnd AssertionError [ERR_ASSERTION]: Unknown key: ControlLeft
    at file:///usr/share/losslesscut/resources/app.asar/out/main/index.js:473:11
    at Array.map (<anonymous>)
    at file:///usr/share/losslesscut/resources/app.asar/out/main/index.js:471:12
    at Array.map (<anonymous>)
    at init$1 (file:///usr/share/losslesscut/resources/app.asar/out/main/index.js:358:37)
    at async init (file:///usr/share/losslesscut/resources/app.asar/out/main/index.js:1957:5) {
  generatedMessage: false,
  code: 'ERR_ASSERTION',
  actual: false,
  expected: true,
  operator: '==',
  diff: 'simple'
}
2026-04-29T19:59:59.655Z error: Failed to migrate old keyboard binding ArrowUp jumpPrevSegment AssertionError [ERR_ASSERTION]: Unknown key: ArrowUp
    at file:///usr/share/losslesscut/resources/app.asar/out/main/index.js:473:11
    at Array.map (<anonymous>)
    at file:///usr/share/losslesscut/resources/app.asar/out/main/index.js:471:12
    at Array.map (<anonymous>)
    at init$1 (file:///usr/share/losslesscut/resources/app.asar/out/main/index.js:358:37)
    at async init (file:///usr/share/losslesscut/resources/app.asar/out/main/index.js:1957:5) {
  generatedMessage: false,
  code: 'ERR_ASSERTION',
  actual: false,
  expected: true,
  operator: '==',
  diff: 'simple'
}
2026-04-29T19:59:59.656Z error: Failed to migrate old keyboard binding ShiftLeft+AltLeft+PageUp jumpSeekFirstSegment AssertionError [ERR_ASSERTION]: Unknown key: ShiftLeft
    at file:///usr/share/losslesscut/resources/app.asar/out/main/index.js:473:11
    at Array.map (<anonymous>)
    at file:///usr/share/losslesscut/resources/app.asar/out/main/index.js:471:12
    at Array.map (<anonymous>)
    at init$1 (file:///usr/share/losslesscut/resources/app.asar/out/main/index.js:358:37)
    at async init (file:///usr/share/losslesscut/resources/app.asar/out/main/index.js:1957:5) {
  generatedMessage: false,
  code: 'ERR_ASSERTION',
  actual: false,
  expected: true,
  operator: '==',
  diff: 'simple'
}
2026-04-29T19:59:59.656Z error: Failed to migrate old keyboard binding ShiftLeft+AltLeft+ArrowUp jumpSeekPrevSegment AssertionError [ERR_ASSERTION]: Unknown key: ShiftLeft
    at file:///usr/share/losslesscut/resources/app.asar/out/main/index.js:473:11
    at Array.map (<anonymous>)
    at file:///usr/share/losslesscut/resources/app.asar/out/main/index.js:471:12
    at Array.map (<anonymous>)
    at init$1 (file:///usr/share/losslesscut/resources/app.asar/out/main/index.js:358:37)
    at async init (file:///usr/share/losslesscut/resources/app.asar/out/main/index.js:1957:5) {
  generatedMessage: false,
  code: 'ERR_ASSERTION',
  actual: false,
  expected: true,
  operator: '==',
  diff: 'simple'
}
2026-04-29T19:59:59.656Z error: Failed to migrate old keyboard binding ControlLeft+ArrowUp timelineZoomIn AssertionError [ERR_ASSERTION]: Unknown key: ControlLeft
    at file:///usr/share/losslesscut/resources/app.asar/out/main/index.js:473:11
    at Array.map (<anonymous>)
    at file:///usr/share/losslesscut/resources/app.asar/out/main/index.js:471:12
    at Array.map (<anonymous>)
    at init$1 (file:///usr/share/losslesscut/resources/app.asar/out/main/index.js:358:37)
    at async init (file:///usr/share/losslesscut/resources/app.asar/out/main/index.js:1957:5) {
  generatedMessage: false,
  code: 'ERR_ASSERTION',
  actual: false,
  expected: true,
  operator: '==',
  diff: 'simple'
}
2026-04-29T19:59:59.656Z error: Failed to migrate old keyboard binding MetaLeft+ArrowUp timelineZoomIn AssertionError [ERR_ASSERTION]: Unknown key: MetaLeft
    at file:///usr/share/losslesscut/resources/app.asar/out/main/index.js:473:11
    at Array.map (<anonymous>)
    at file:///usr/share/losslesscut/resources/app.asar/out/main/index.js:471:12
    at Array.map (<anonymous>)
    at init$1 (file:///usr/share/losslesscut/resources/app.asar/out/main/index.js:358:37)
    at async init (file:///usr/share/losslesscut/resources/app.asar/out/main/index.js:1957:5) {
  generatedMessage: false,
  code: 'ERR_ASSERTION',
  actual: false,
  expected: true,
  operator: '==',
  diff: 'simple'
}
2026-04-29T19:59:59.656Z error: Failed to migrate old keyboard binding ShiftLeft+ArrowUp batchPreviousFile AssertionError [ERR_ASSERTION]: Unknown key: ShiftLeft
    at file:///usr/share/losslesscut/resources/app.asar/out/main/index.js:473:11
    at Array.map (<anonymous>)
    at file:///usr/share/losslesscut/resources/app.asar/out/main/index.js:471:12
    at Array.map (<anonymous>)
    at init$1 (file:///usr/share/losslesscut/resources/app.asar/out/main/index.js:358:37)
    at async init (file:///usr/share/losslesscut/resources/app.asar/out/main/index.js:1957:5) {
  generatedMessage: false,
  code: 'ERR_ASSERTION',
  actual: false,
  expected: true,
  operator: '==',
  diff: 'simple'
}
2026-04-29T19:59:59.656Z error: Failed to migrate old keyboard binding ControlLeft+ShiftLeft+ArrowUp batchOpenPreviousFile AssertionError [ERR_ASSERTION]: Unknown key: ControlLeft
    at file:///usr/share/losslesscut/resources/app.asar/out/main/index.js:473:11
    at Array.map (<anonymous>)
    at file:///usr/share/losslesscut/resources/app.asar/out/main/index.js:471:12
    at Array.map (<anonymous>)
    at init$1 (file:///usr/share/losslesscut/resources/app.asar/out/main/index.js:358:37)
    at async init (file:///usr/share/losslesscut/resources/app.asar/out/main/index.js:1957:5) {
  generatedMessage: false,
  code: 'ERR_ASSERTION',
  actual: false,
  expected: true,
  operator: '==',
  diff: 'simple'
}
2026-04-29T19:59:59.656Z error: Failed to migrate old keyboard binding ArrowDown jumpNextSegment AssertionError [ERR_ASSERTION]: Unknown key: ArrowDown
    at file:///usr/share/losslesscut/resources/app.asar/out/main/index.js:473:11
    at Array.map (<anonymous>)
    at file:///usr/share/losslesscut/resources/app.asar/out/main/index.js:471:12
    at Array.map (<anonymous>)
    at init$1 (file:///usr/share/losslesscut/resources/app.asar/out/main/index.js:358:37)
    at async init (file:///usr/share/losslesscut/resources/app.asar/out/main/index.js:1957:5) {
  generatedMessage: false,
  code: 'ERR_ASSERTION',
  actual: false,
  expected: true,
  operator: '==',
  diff: 'simple'
}
2026-04-29T19:59:59.656Z error: Failed to migrate old keyboard binding ShiftLeft+AltLeft+PageDown jumpSeekLastSegment AssertionError [ERR_ASSERTION]: Unknown key: ShiftLeft
    at file:///usr/share/losslesscut/resources/app.asar/out/main/index.js:473:11
    at Array.map (<anonymous>)
    at file:///usr/share/losslesscut/resources/app.asar/out/main/index.js:471:12
    at Array.map (<anonymous>)
    at init$1 (file:///usr/share/losslesscut/resources/app.asar/out/main/index.js:358:37)
    at async init (file:///usr/share/losslesscut/resources/app.asar/out/main/index.js:1957:5) {
  generatedMessage: false,
  code: 'ERR_ASSERTION',
  actual: false,
  expected: true,
  operator: '==',
  diff: 'simple'
}
2026-04-29T19:59:59.656Z error: Failed to migrate old keyboard binding ShiftLeft+AltLeft+ArrowDown jumpSeekNextSegment AssertionError [ERR_ASSERTION]: Unknown key: ShiftLeft
    at file:///usr/share/losslesscut/resources/app.asar/out/main/index.js:473:11
    at Array.map (<anonymous>)
    at file:///usr/share/losslesscut/resources/app.asar/out/main/index.js:471:12
    at Array.map (<anonymous>)
    at init$1 (file:///usr/share/losslesscut/resources/app.asar/out/main/index.js:358:37)
    at async init (file:///usr/share/losslesscut/resources/app.asar/out/main/index.js:1957:5) {
  generatedMessage: false,
  code: 'ERR_ASSERTION',
  actual: false,
  expected: true,
  operator: '==',
  diff: 'simple'
}
2026-04-29T19:59:59.656Z error: Failed to migrate old keyboard binding ControlLeft+ArrowDown timelineZoomOut AssertionError [ERR_ASSERTION]: Unknown key: ControlLeft
    at file:///usr/share/losslesscut/resources/app.asar/out/main/index.js:473:11
    at Array.map (<anonymous>)
    at file:///usr/share/losslesscut/resources/app.asar/out/main/index.js:471:12
    at Array.map (<anonymous>)
    at init$1 (file:///usr/share/losslesscut/resources/app.asar/out/main/index.js:358:37)
    at async init (file:///usr/share/losslesscut/resources/app.asar/out/main/index.js:1957:5) {
  generatedMessage: false,
  code: 'ERR_ASSERTION',
  actual: false,
  expected: true,
  operator: '==',
  diff: 'simple'
}
2026-04-29T19:59:59.656Z error: Failed to migrate old keyboard binding MetaLeft+ArrowDown timelineZoomOut AssertionError [ERR_ASSERTION]: Unknown key: MetaLeft
    at file:///usr/share/losslesscut/resources/app.asar/out/main/index.js:473:11
    at Array.map (<anonymous>)
    at file:///usr/share/losslesscut/resources/app.asar/out/main/index.js:471:12
    at Array.map (<anonymous>)
    at init$1 (file:///usr/share/losslesscut/resources/app.asar/out/main/index.js:358:37)
    at async init (file:///usr/share/losslesscut/resources/app.asar/out/main/index.js:1957:5) {
  generatedMessage: false,
  code: 'ERR_ASSERTION',
  actual: false,
  expected: true,
  operator: '==',
  diff: 'simple'
}
2026-04-29T19:59:59.656Z error: Failed to migrate old keyboard binding ShiftLeft+ArrowDown batchNextFile AssertionError [ERR_ASSERTION]: Unknown key: ShiftLeft
    at file:///usr/share/losslesscut/resources/app.asar/out/main/index.js:473:11
    at Array.map (<anonymous>)
    at file:///usr/share/losslesscut/resources/app.asar/out/main/index.js:471:12
    at Array.map (<anonymous>)
    at init$1 (file:///usr/share/losslesscut/resources/app.asar/out/main/index.js:358:37)
    at async init (file:///usr/share/losslesscut/resources/app.asar/out/main/index.js:1957:5) {
  generatedMessage: false,
  code: 'ERR_ASSERTION',
  actual: false,
  expected: true,
  operator: '==',
  diff: 'simple'
}
2026-04-29T19:59:59.656Z error: Failed to migrate old keyboard binding ControlLeft+ShiftLeft+ArrowDown batchOpenNextFile AssertionError [ERR_ASSERTION]: Unknown key: ControlLeft
    at file:///usr/share/losslesscut/resources/app.asar/out/main/index.js:473:11
    at Array.map (<anonymous>)
    at file:///usr/share/losslesscut/resources/app.asar/out/main/index.js:471:12
    at Array.map (<anonymous>)
    at init$1 (file:///usr/share/losslesscut/resources/app.asar/out/main/index.js:358:37)
    at async init (file:///usr/share/losslesscut/resources/app.asar/out/main/index.js:1957:5) {
  generatedMessage: false,
  code: 'ERR_ASSERTION',
  actual: false,
  expected: true,
  operator: '==',
  diff: 'simple'
}
2026-04-29T19:59:59.656Z error: Failed to migrate old keyboard binding ShiftLeft+Enter batchOpenSelectedFile AssertionError [ERR_ASSERTION]: Unknown key: ShiftLeft
    at file:///usr/share/losslesscut/resources/app.asar/out/main/index.js:473:11
    at Array.map (<anonymous>)
    at file:///usr/share/losslesscut/resources/app.asar/out/main/index.js:471:12
    at Array.map (<anonymous>)
    at init$1 (file:///usr/share/losslesscut/resources/app.asar/out/main/index.js:358:37)
    at async init (file:///usr/share/losslesscut/resources/app.asar/out/main/index.js:1957:5) {
  generatedMessage: false,
  code: 'ERR_ASSERTION',
  actual: false,
  expected: true,
  operator: '==',
  diff: 'simple'
}
2026-04-29T19:59:59.657Z error: Failed to migrate old keyboard binding ControlLeft+KeyZ undo AssertionError [ERR_ASSERTION]: Unknown key: ControlLeft
    at file:///usr/share/losslesscut/resources/app.asar/out/main/index.js:473:11
    at Array.map (<anonymous>)
    at file:///usr/share/losslesscut/resources/app.asar/out/main/index.js:471:12
    at Array.map (<anonymous>)
    at init$1 (file:///usr/share/losslesscut/resources/app.asar/out/main/index.js:358:37)
    at async init (file:///usr/share/losslesscut/resources/app.asar/out/main/index.js:1957:5) {
  generatedMessage: false,
  code: 'ERR_ASSERTION',
  actual: false,
  expected: true,
  operator: '==',
  diff: 'simple'
}
2026-04-29T19:59:59.657Z error: Failed to migrate old keyboard binding MetaLeft+KeyZ undo AssertionError [ERR_ASSERTION]: Unknown key: MetaLeft
    at file:///usr/share/losslesscut/resources/app.asar/out/main/index.js:473:11
    at Array.map (<anonymous>)
    at file:///usr/share/losslesscut/resources/app.asar/out/main/index.js:471:12
    at Array.map (<anonymous>)
    at init$1 (file:///usr/share/losslesscut/resources/app.asar/out/main/index.js:358:37)
    at async init (file:///usr/share/losslesscut/resources/app.asar/out/main/index.js:1957:5) {
  generatedMessage: false,
  code: 'ERR_ASSERTION',
  actual: false,
  expected: true,
  operator: '==',
  diff: 'simple'
}
2026-04-29T19:59:59.657Z error: Failed to migrate old keyboard binding ControlLeft+ShiftLeft+KeyZ redo AssertionError [ERR_ASSERTION]: Unknown key: ControlLeft
    at file:///usr/share/losslesscut/resources/app.asar/out/main/index.js:473:11
    at Array.map (<anonymous>)
    at file:///usr/share/losslesscut/resources/app.asar/out/main/index.js:471:12
    at Array.map (<anonymous>)
    at init$1 (file:///usr/share/losslesscut/resources/app.asar/out/main/index.js:358:37)
    at async init (file:///usr/share/losslesscut/resources/app.asar/out/main/index.js:1957:5) {
  generatedMessage: false,
  code: 'ERR_ASSERTION',
  actual: false,
  expected: true,
  operator: '==',
  diff: 'simple'
}
2026-04-29T19:59:59.657Z error: Failed to migrate old keyboard binding MetaLeft+ShiftLeft+KeyZ redo AssertionError [ERR_ASSERTION]: Unknown key: MetaLeft
    at file:///usr/share/losslesscut/resources/app.asar/out/main/index.js:473:11
    at Array.map (<anonymous>)
    at file:///usr/share/losslesscut/resources/app.asar/out/main/index.js:471:12
    at Array.map (<anonymous>)
    at init$1 (file:///usr/share/losslesscut/resources/app.asar/out/main/index.js:358:37)
    at async init (file:///usr/share/losslesscut/resources/app.asar/out/main/index.js:1957:5) {
  generatedMessage: false,
  code: 'ERR_ASSERTION',
  actual: false,
  expected: true,
  operator: '==',
  diff: 'simple'
}
2026-04-29T19:59:59.657Z error: Failed to migrate old keyboard binding KeyF toggleFullscreenVideo AssertionError [ERR_ASSERTION]: Unknown key: KeyF
    at file:///usr/share/losslesscut/resources/app.asar/out/main/index.js:473:11
    at Array.map (<anonymous>)
    at file:///usr/share/losslesscut/resources/app.asar/out/main/index.js:471:12
    at Array.map (<anonymous>)
    at init$1 (file:///usr/share/losslesscut/resources/app.asar/out/main/index.js:358:37)
    at async init (file:///usr/share/losslesscut/resources/app.asar/out/main/index.js:1957:5) {
  generatedMessage: false,
  code: 'ERR_ASSERTION',
  actual: false,
  expected: true,
  operator: '==',
  diff: 'simple'
}
2026-04-29T19:59:59.657Z error: Failed to migrate old keyboard binding KeyE export AssertionError [ERR_ASSERTION]: Unknown key: KeyE
    at file:///usr/share/losslesscut/resources/app.asar/out/main/index.js:473:11
    at Array.map (<anonymous>)
    at file:///usr/share/losslesscut/resources/app.asar/out/main/index.js:471:12
    at Array.map (<anonymous>)
    at init$1 (file:///usr/share/losslesscut/resources/app.asar/out/main/index.js:358:37)
    at async init (file:///usr/share/losslesscut/resources/app.asar/out/main/index.js:1957:5) {
  generatedMessage: false,
  code: 'ERR_ASSERTION',
  actual: false,
  expected: true,
  operator: '==',
  diff: 'simple'
}
2026-04-29T19:59:59.657Z error: Failed to migrate old keyboard binding ShiftLeft+Slash toggleKeyboardShortcuts AssertionError [ERR_ASSERTION]: Unknown key: ShiftLeft
    at file:///usr/share/losslesscut/resources/app.asar/out/main/index.js:473:11
    at Array.map (<anonymous>)
    at file:///usr/share/losslesscut/resources/app.asar/out/main/index.js:471:12
    at Array.map (<anonymous>)
    at init$1 (file:///usr/share/losslesscut/resources/app.asar/out/main/index.js:358:37)
    at async init (file:///usr/share/losslesscut/resources/app.asar/out/main/index.js:1957:5) {
  generatedMessage: false,
  code: 'ERR_ASSERTION',
  actual: false,
  expected: true,
  operator: '==',
  diff: 'simple'
}
2026-04-29T19:59:59.657Z error: Failed to migrate old keyboard binding AltLeft+ArrowUp increaseVolume AssertionError [ERR_ASSERTION]: Unknown key: AltLeft
    at file:///usr/share/losslesscut/resources/app.asar/out/main/index.js:473:11
    at Array.map (<anonymous>)
    at file:///usr/share/losslesscut/resources/app.asar/out/main/index.js:471:12
    at Array.map (<anonymous>)
    at init$1 (file:///usr/share/losslesscut/resources/app.asar/out/main/index.js:358:37)
    at async init (file:///usr/share/losslesscut/resources/app.asar/out/main/index.js:1957:5) {
  generatedMessage: false,
  code: 'ERR_ASSERTION',
  actual: false,
  expected: true,
  operator: '==',
  diff: 'simple'
}
2026-04-29T19:59:59.657Z error: Failed to migrate old keyboard binding AltLeft+ArrowDown decreaseVolume AssertionError [ERR_ASSERTION]: Unknown key: AltLeft
    at file:///usr/share/losslesscut/resources/app.asar/out/main/index.js:473:11
    at Array.map (<anonymous>)
    at file:///usr/share/losslesscut/resources/app.asar/out/main/index.js:471:12
    at Array.map (<anonymous>)
    at init$1 (file:///usr/share/losslesscut/resources/app.asar/out/main/index.js:358:37)
    at async init (file:///usr/share/losslesscut/resources/app.asar/out/main/index.js:1957:5) {
  generatedMessage: false,
  code: 'ERR_ASSERTION',
  actual: false,
  expected: true,
  operator: '==',
  diff: 'simple'
}
2026-04-29T19:59:59.657Z error: Failed to migrate old keyboard binding KeyM toggleMuted AssertionError [ERR_ASSERTION]: Unknown key: KeyM
    at file:///usr/share/losslesscut/resources/app.asar/out/main/index.js:473:11
    at Array.map (<anonymous>)
    at file:///usr/share/losslesscut/resources/app.asar/out/main/index.js:471:12
    at Array.map (<anonymous>)
    at init$1 (file:///usr/share/losslesscut/resources/app.asar/out/main/index.js:358:37)
    at async init (file:///usr/share/losslesscut/resources/app.asar/out/main/index.js:1957:5) {
  generatedMessage: false,
  code: 'ERR_ASSERTION',
  actual: false,
  expected: true,
  operator: '==',
  diff: 'simple'
}
2026-04-29T19:59:59.659Z info: Migrated config to version 2
2026-04-29T19:59:59.661Z info: Initialized config store
2026-04-29T19:59:59.661Z info: Waiting for app to become ready
2026-04-29T19:59:59.665Z info: CLI arguments {
  _: [],
  'ozone-platform-hint': 'auto',
  ozonePlatformHint: 'auto',
  'enable-features': 'WaylandWindowDecorations',
  enableFeatures: 'WaylandWindowDecorations'
}
2026-04-29T20:00:00.044Z info: ffmpeg -hide_banner -f lavfi -i 'nullsrc=s=256x256:d=1' -f null -
2026-04-29T20:00:00.071Z info: Current version 3.68.0
2026-04-29T20:00:00.071Z info: Newest version 3.68.0
2026-04-29T20:00:09.623Z info: LosslessCut version 3.68.0 { isDev: false }
2026-04-29T20:00:09.638Z info: Initialized config store
2026-04-29T20:00:09.639Z info: Waiting for app to become ready
2026-04-29T20:00:09.691Z info: CLI arguments {
  _: [],
  'ozone-platform-hint': 'auto',
  ozonePlatformHint: 'auto',
  'enable-features': 'WaylandWindowDecorations',
  enableFeatures: 'WaylandWindowDecorations'
}
2026-04-29T20:00:09.900Z info: Current version 3.68.0
2026-04-29T20:00:09.900Z info: Newest version 3.68.0
2026-04-29T20:00:10.063Z info: ffmpeg -hide_banner -f lavfi -i 'nullsrc=s=256x256:d=1' -f null -
2026-04-29T20:00:35.314Z info: LosslessCut version 3.68.0 { isDev: false }
2026-04-29T20:00:35.329Z info: second-instance { _: [] }
2026-04-29T20:00:35.328Z info: Initialized config store
2026-04-29T20:00:39.400Z info: Found running instance, quitting
2026-04-29T20:04:41.693Z info: LosslessCut version 3.68.0 { isDev: false }
2026-04-29T20:04:41.708Z info: Initialized config store
2026-04-29T20:04:41.709Z info: Waiting for app to become ready
2026-04-29T20:04:41.770Z info: CLI arguments { _: [] }
2026-04-29T20:04:42.138Z info: ffmpeg -hide_banner -f lavfi -i 'nullsrc=s=256x256:d=1' -f null -
2026-04-29T20:04:42.230Z info: Current version 3.68.0
2026-04-29T20:04:42.231Z info: Newest version 3.68.0
2026-04-29T20:04:53.580Z info: LosslessCut version 3.68.0 { isDev: false }
2026-04-29T20:04:53.595Z info: Initialized config store
2026-04-29T20:04:53.595Z info: Waiting for app to become ready
2026-04-29T20:04:53.649Z info: CLI arguments { _: [] }
2026-04-29T20:04:53.864Z info: Current version 3.68.0
2026-04-29T20:04:53.864Z info: Newest version 3.68.0
2026-04-29T20:04:54.023Z info: ffmpeg -hide_banner -f lavfi -i 'nullsrc=s=256x256:d=1' -f null -
